[15:12:54] [main/INFO]: Setting user: Player421
[15:13:01] [main/WARN]: Skipping bad option: lastServer:
[15:13:01] [main/INFO]: LWJGL Version: 2.9.4
[15:13:08] [main/INFO]: Reloading ResourceManager: Default, FMLFileResourcePack:Forge Mod Loader, FMLFileResourcePack:Minecraft Forge, FMLFileResourcePack:Baubles, FMLFileResourcePack:Arcadia
[15:13:12] [Sound Library Loader/INFO]: Starting up SoundSystem...
[15:13:12] [Thread-5/INFO]: Initializing LWJGL OpenAL
[15:13:12] [Thread-5/INFO]: (The LWJGL binding of OpenAL.  For more information, see http://www.lwjgl.org)
[15:13:13] [Thread-5/INFO]: OpenAL initialized.
[15:13:13] [Sound Library Loader/INFO]: Sound engine started
[15:13:19] [main/INFO]: Created: 512x512 textures-atlas
[15:13:23] [main/WARN]: Skipping bad option: lastServer:
[15:13:23] [main/INFO]: Narrator library for x64 successfully loaded
[15:13:25] [Realms Notification Availability checker #1/INFO]: Could not authorize you against Realms server: Invalid session id
[15:13:49] [Server thread/INFO]: Starting integrated minecraft server version 1.12.2
[15:13:49] [Server thread/INFO]: Generating keypair
[15:13:51] [Server thread/INFO]: Loaded 488 advancements
[15:13:51] [Server thread/INFO]: Preparing start region for level 0
[15:13:52] [Server thread/INFO]: Changing view distance to 12, from 10
[15:13:54] [Server thread/INFO]: Player421[local:E:a70a2545] logged in with entity id 193 at (135.18709376823935, 4.0, 166.27274473119792)
[15:13:54] [Server thread/INFO]: Player421 joined the game
[15:13:57] [Server thread/INFO]: Saving and pausing game...
[15:13:57] [Server thread/INFO]: Saving chunks for level 'New World'/overworld
[15:13:57] [Server thread/INFO]: Saving chunks for level 'New World'/the_nether
[15:13:57] [Server thread/INFO]: Saving chunks for level 'New World'/the_end
[15:13:58] [pool-2-thread-1/WARN]: Couldn't look up profile properties for com.mojang.authlib.GameProfile@1cbf2f6d[id=17b67947-156d-3518-9500-f7e04df5e64d,name=Player421,properties={},legacy=false]
com.mojang.authlib.exceptions.AuthenticationException: The client has sent too many requests within a certain amount of time
	at com.mojang.authlib.yggdrasil.YggdrasilAuthenticationService.makeRequest(YggdrasilAuthenticationService.java:79) ~[YggdrasilAuthenticationService.class:?]
	at com.mojang.authlib.yggdrasil.YggdrasilMinecraftSessionService.fillGameProfile(YggdrasilMinecraftSessionService.java:180) [YggdrasilMinecraftSessionService.class:?]
	at com.mojang.authlib.yggdrasil.YggdrasilMinecraftSessionService$1.load(YggdrasilMinecraftSessionService.java:60) [YggdrasilMinecraftSessionService$1.class:?]
	at com.mojang.authlib.yggdrasil.YggdrasilMinecraftSessionService$1.load(YggdrasilMinecraftSessionService.java:57) [YggdrasilMinecraftSessionService$1.class:?]
	at com.google.common.cache.LocalCache$LoadingValueReference.loadFuture(LocalCache.java:3716) [guava-21.0.jar:?]
	at com.google.common.cache.LocalCache$Segment.loadSync(LocalCache.java:2424) [guava-21.0.jar:?]
	at com.google.common.cache.LocalCache$Segment.lockedGetOrLoad(LocalCache.java:2298) [guava-21.0.jar:?]
	at com.google.common.cache.LocalCache$Segment.get(LocalCache.java:2211) [guava-21.0.jar:?]
	at com.google.common.cache.LocalCache.get(LocalCache.java:4154) [guava-21.0.jar:?]
	at com.google.common.cache.LocalCache.getOrLoad(LocalCache.java:4158) [guava-21.0.jar:?]
	at com.google.common.cache.LocalCache$LocalLoadingCache.get(LocalCache.java:5147) [guava-21.0.jar:?]
	at com.google.common.cache.LocalCache$LocalLoadingCache.getUnchecked(LocalCache.java:5153) [guava-21.0.jar:?]
	at com.mojang.authlib.yggdrasil.YggdrasilMinecraftSessionService.fillProfileProperties(YggdrasilMinecraftSessionService.java:170) [YggdrasilMinecraftSessionService.class:?]
	at net.minecraft.client.Minecraft.getProfileProperties(Minecraft.java:3188) [Minecraft.class:?]
	at net.minecraft.client.resources.SkinManager$3.run(SkinManager.java:138) [SkinManager$3.class:?]
	at java.util.concurrent.Executors$RunnableAdapter.call(Executors.java:511) [?:1.8.0_161]
	at java.util.concurrent.FutureTask.run(FutureTask.java:266) [?:1.8.0_161]
	at java.util.concurrent.ThreadPoolExecutor.runWorker(ThreadPoolExecutor.java:1149) [?:1.8.0_161]
	at java.util.concurrent.ThreadPoolExecutor$Worker.run(ThreadPoolExecutor.java:624) [?:1.8.0_161]
	at java.lang.Thread.run(Thread.java:748) [?:1.8.0_161]
[15:13:58] [main/INFO]: Loaded 35 advancements
[15:16:00] [Server thread/INFO]: Saving and pausing game...
[15:16:00] [Server thread/INFO]: Saving chunks for level 'New World'/overworld
[15:16:00] [Server thread/INFO]: Saving chunks for level 'New World'/the_nether
[15:16:00] [Server thread/INFO]: Saving chunks for level 'New World'/the_end
[15:16:01] [Server thread/INFO]: Stopping server
[15:16:01] [Server thread/INFO]: Saving players
[15:16:01] [Server thread/INFO]: Player421 lost connection: Disconnected
[15:16:01] [Server thread/INFO]: Player421 left the game
[15:16:01] [Server thread/INFO]: Stopping singleplayer server as player logged out
[15:16:01] [Server thread/INFO]: Saving worlds
[15:16:01] [Server thread/INFO]: Saving chunks for level 'New World'/overworld
[15:16:01] [Server thread/INFO]: Saving chunks for level 'New World'/the_nether
[15:16:01] [Server thread/INFO]: Saving chunks for level 'New World'/the_end
[15:16:05] [main/INFO]: Stopping!
[15:16:05] [main/INFO]: SoundSystem shutting down...
[15:16:05] [main/WARN]: Author: Paul Lamb, www.paulscode.com
